<?xml version="1.0"?>
<testsuite name="Cucumber" time="14.034" tests="4" skipped="0" failures="0" errors="0" timestamp="2026-08-22T08:22:46.252Z">
  <testcase classname="To validate the login functionallity of the facebook application" name="Login-Invalid-To validate the login functionallity with Invalid Credentials" time="2.737">
    <system-out><![CDATA[Given The user should be in login page......................................passed
When The user has to fill the username "ramesh@gmail.com" and password "431456271"..passed
And The user has to click the login button..................................passed
Then The user should be navigate the Invalid login page.....................passed]]></system-out>
  </testcase>
  <testcase classname="To validate the login functionallity of the facebook application" name="Login-Valid-To validate the login functionallity with Invalid Credentials" time="2.851">
    <system-out><![CDATA[Given The user should be in login page......................................passed
When The user has to fill the username "kumar@gmail.com" and password "534156232"..passed
And The user has to click the login button..................................passed
Then The user should be navigate the Invalid login page.....................passed]]></system-out>
  </testcase>
  <testcase classname="To validate the registration functionallity of the facebook application" name="Register-Invalid-To validate the registration functionallity" time="4.302">
    <system-out><![CDATA[Given The user should be in login page......................................passed
When The user has to click the create new account button....................passed
And The user has to fill the firstName,LastName and other details...........passed
And The user has to click the submit button.................................passed
Then The user should be get successfully registered message.................passed]]></system-out>
  </testcase>
  <testcase classname="To validate the registration functionallity of the facebook application" name="Register-Valid-To validate the registration functionallity" time="4.124">
    <system-out><![CDATA[Given The user should be in login page......................................passed
When The user has to click the create new account button....................passed
And The user has to fill the firstName,LastName and other details...........passed
And The user has to click the submit button.................................passed
Then The user should be get successfully registered message.................passed]]></system-out>
  </testcase>
</testsuite>